Build output check failed:
    Regex: 'command line option .* is valid for .* but not for C\+\+'
    Output line: 'cc1plus: warning: command line option ‘-Wmissing-prototypes’ is valid for C/ObjC but not for C++'
Compilation failed:
    source file: '/media/sdcard/openCV343/opencv-3.4/build/CMakeFiles/CMakeTmp/src.cxx'
    check option: ' -fsigned-char -W -Wall -Werror=return-type -Werror=non-virtual-dtor -Werror=address -Werror=sequence-point -Wformat -Werror=format-security -Wmissing-declarations  -Wmissing-prototypes'
===== BUILD LOG =====
Change Dir: /media/sdcard/openCV343/opencv-3.4/build/CMakeFiles/CMakeTmp

Run Build Command:"/usr/bin/make" "cmTC_1894f/fast"
/usr/bin/make -f CMakeFiles/cmTC_1894f.dir/build.make CMakeFiles/cmTC_1894f.dir/build
make[1]: Entering directory '/media/sdcard/openCV343/opencv-3.4/build/CMakeFiles/CMakeTmp'
Building CXX object CMakeFiles/cmTC_1894f.dir/src.cxx.o
/usr/bin/c++    -O3 -DNDEBUG -fPIE   -fsigned-char -W -Wall -Werror=return-type -Werror=non-virtual-dtor -Werror=address -Werror=sequence-point -Wformat -Werror=format-security -Wmissing-declarations -Wmissing-prototypes -o CMakeFiles/cmTC_1894f.dir/src.cxx.o -c /media/sdcard/openCV343/opencv-3.4/build/CMakeFiles/CMakeTmp/src.cxx
cc1plus: warning: command line option ‘-Wmissing-prototypes’ is valid for C/ObjC but not for C++
/media/sdcard/openCV343/opencv-3.4/build/CMakeFiles/CMakeTmp/src.cxx:1: warning: ignoring #pragma   [-Wunknown-pragmas]
 #pragma
 
Linking CXX executable cmTC_1894f
/usr/bin/cmake -E cmake_link_script CMakeFiles/cmTC_1894f.dir/link.txt --verbose=1
/usr/bin/c++    -O3 -DNDEBUG    -rdynamic CMakeFiles/cmTC_1894f.dir/src.cxx.o  -o cmTC_1894f 
make[1]: Leaving directory '/media/sdcard/openCV343/opencv-3.4/build/CMakeFiles/CMakeTmp'

===== END =====

Build output check failed:
    Regex: 'command line option .* is valid for .* but not for C\+\+'
    Output line: 'cc1plus: warning: command line option ‘-Wstrict-prototypes’ is valid for C/ObjC but not for C++'
Compilation failed:
    source file: '/media/sdcard/openCV343/opencv-3.4/build/CMakeFiles/CMakeTmp/src.cxx'
    check option: ' -fsigned-char -W -Wall -Werror=return-type -Werror=non-virtual-dtor -Werror=address -Werror=sequence-point -Wformat -Werror=format-security -Wmissing-declarations  -Wstrict-prototypes'
===== BUILD LOG =====
Change Dir: /media/sdcard/openCV343/opencv-3.4/build/CMakeFiles/CMakeTmp

Run Build Command:"/usr/bin/make" "cmTC_91bb8/fast"
/usr/bin/make -f CMakeFiles/cmTC_91bb8.dir/build.make CMakeFiles/cmTC_91bb8.dir/build
make[1]: Entering directory '/media/sdcard/openCV343/opencv-3.4/build/CMakeFiles/CMakeTmp'
Building CXX object CMakeFiles/cmTC_91bb8.dir/src.cxx.o
/usr/bin/c++    -O3 -DNDEBUG -fPIE   -fsigned-char -W -Wall -Werror=return-type -Werror=non-virtual-dtor -Werror=address -Werror=sequence-point -Wformat -Werror=format-security -Wmissing-declarations -Wstrict-prototypes -o CMakeFiles/cmTC_91bb8.dir/src.cxx.o -c /media/sdcard/openCV343/opencv-3.4/build/CMakeFiles/CMakeTmp/src.cxx
cc1plus: warning: command line option ‘-Wstrict-prototypes’ is valid for C/ObjC but not for C++
/media/sdcard/openCV343/opencv-3.4/build/CMakeFiles/CMakeTmp/src.cxx:1: warning: ignoring #pragma   [-Wunknown-pragmas]
 #pragma
 
Linking CXX executable cmTC_91bb8
/usr/bin/cmake -E cmake_link_script CMakeFiles/cmTC_91bb8.dir/link.txt --verbose=1
/usr/bin/c++    -O3 -DNDEBUG    -rdynamic CMakeFiles/cmTC_91bb8.dir/src.cxx.o  -o cmTC_91bb8 
make[1]: Leaving directory '/media/sdcard/openCV343/opencv-3.4/build/CMakeFiles/CMakeTmp'

===== END =====

Build output check failed:
    Regex: 'command line option .* is valid for .* but not for C'
    Output line: 'cc1: warning: command line option ‘-Wsign-promo’ is valid for C++/ObjC++ but not for C'
Compilation failed:
    source file: '/media/sdcard/openCV343/opencv-3.4/build/CMakeFiles/CMakeTmp/src.c'
    check option: ' -fsigned-char -W -Wall -Werror=return-type -Werror=non-virtual-dtor -Werror=address -Werror=sequence-point -Wformat -Werror=format-security -Wmissing-declarations -Wmissing-prototypes -Wstrict-prototypes -Wundef -Winit-self -Wpointer-arith -Wshadow  -Wsign-promo'
===== BUILD LOG =====
Change Dir: /media/sdcard/openCV343/opencv-3.4/build/CMakeFiles/CMakeTmp

Run Build Command:"/usr/bin/make" "cmTC_bd92d/fast"
/usr/bin/make -f CMakeFiles/cmTC_bd92d.dir/build.make CMakeFiles/cmTC_bd92d.dir/build
make[1]: Entering directory '/media/sdcard/openCV343/opencv-3.4/build/CMakeFiles/CMakeTmp'
Building C object CMakeFiles/cmTC_bd92d.dir/src.c.o
/usr/bin/cc   -O3 -DNDEBUG -fPIE   -fsigned-char -W -Wall -Werror=return-type -Werror=non-virtual-dtor -Werror=address -Werror=sequence-point -Wformat -Werror=format-security -Wmissing-declarations -Wmissing-prototypes -Wstrict-prototypes -Wundef -Winit-self -Wpointer-arith -Wshadow -Wsign-promo -o CMakeFiles/cmTC_bd92d.dir/src.c.o   -c /media/sdcard/openCV343/opencv-3.4/build/CMakeFiles/CMakeTmp/src.c
cc1: warning: command line option ‘-Wsign-promo’ is valid for C++/ObjC++ but not for C
/media/sdcard/openCV343/opencv-3.4/build/CMakeFiles/CMakeTmp/src.c:1: warning: ignoring #pragma   [-Wunknown-pragmas]
 #pragma
 
Linking C executable cmTC_bd92d
/usr/bin/cmake -E cmake_link_script CMakeFiles/cmTC_bd92d.dir/link.txt --verbose=1
/usr/bin/cc   -O3 -DNDEBUG    -rdynamic CMakeFiles/cmTC_bd92d.dir/src.c.o  -o cmTC_bd92d 
make[1]: Leaving directory '/media/sdcard/openCV343/opencv-3.4/build/CMakeFiles/CMakeTmp'

===== END =====

Build output check failed:
    Regex: 'command line option .* is valid for .* but not for C'
    Output line: 'cc1: warning: command line option ‘-Wno-delete-non-virtual-dtor’ is valid for C++/ObjC++ but not for C'
Compilation failed:
    source file: '/media/sdcard/openCV343/opencv-3.4/build/CMakeFiles/CMakeTmp/src.c'
    check option: ' -fsigned-char -W -Wall -Werror=return-type -Werror=non-virtual-dtor -Werror=address -Werror=sequence-point -Wformat -Werror=format-security -Wmissing-declarations -Wmissing-prototypes -Wstrict-prototypes -Wundef -Winit-self -Wpointer-arith -Wshadow -Wuninitialized -Winit-self -Wno-narrowing  -Wno-delete-non-virtual-dtor'
===== BUILD LOG =====
Change Dir: /media/sdcard/openCV343/opencv-3.4/build/CMakeFiles/CMakeTmp

Run Build Command:"/usr/bin/make" "cmTC_9c28f/fast"
/usr/bin/make -f CMakeFiles/cmTC_9c28f.dir/build.make CMakeFiles/cmTC_9c28f.dir/build
make[1]: Entering directory '/media/sdcard/openCV343/opencv-3.4/build/CMakeFiles/CMakeTmp'
Building C object CMakeFiles/cmTC_9c28f.dir/src.c.o
/usr/bin/cc   -O3 -DNDEBUG -fPIE   -fsigned-char -W -Wall -Werror=return-type -Werror=non-virtual-dtor -Werror=address -Werror=sequence-point -Wformat -Werror=format-security -Wmissing-declarations -Wmissing-prototypes -Wstrict-prototypes -Wundef -Winit-self -Wpointer-arith -Wshadow -Wuninitialized -Winit-self -Wno-narrowing -Wno-delete-non-virtual-dtor -o CMakeFiles/cmTC_9c28f.dir/src.c.o   -c /media/sdcard/openCV343/opencv-3.4/build/CMakeFiles/CMakeTmp/src.c
cc1: warning: command line option ‘-Wno-delete-non-virtual-dtor’ is valid for C++/ObjC++ but not for C
/media/sdcard/openCV343/opencv-3.4/build/CMakeFiles/CMakeTmp/src.c:1: warning: ignoring #pragma   [-Wunknown-pragmas]
 #pragma
 
Linking C executable cmTC_9c28f
/usr/bin/cmake -E cmake_link_script CMakeFiles/cmTC_9c28f.dir/link.txt --verbose=1
/usr/bin/cc   -O3 -DNDEBUG    -rdynamic CMakeFiles/cmTC_9c28f.dir/src.c.o  -o cmTC_9c28f 
make[1]: Leaving directory '/media/sdcard/openCV343/opencv-3.4/build/CMakeFiles/CMakeTmp'

===== END =====

Build output check failed:
    Regex: 'unrecognized .*option'
    Output line: 'cc1plus: warning: unrecognized command line option ‘-Wno-unnamed-type-template-args’'
Compilation failed:
    source file: '/media/sdcard/openCV343/opencv-3.4/build/CMakeFiles/CMakeTmp/src.cxx'
    check option: ' -fsigned-char -W -Wall -Werror=return-type -Werror=non-virtual-dtor -Werror=address -Werror=sequence-point -Wformat -Werror=format-security -Wmissing-declarations -Wundef -Winit-self -Wpointer-arith -Wshadow -Wsign-promo -Wuninitialized -Winit-self -Wno-narrowing -Wno-delete-non-virtual-dtor  -Wno-unnamed-type-template-args'
===== BUILD LOG =====
Change Dir: /media/sdcard/openCV343/opencv-3.4/build/CMakeFiles/CMakeTmp

Run Build Command:"/usr/bin/make" "cmTC_d021b/fast"
/usr/bin/make -f CMakeFiles/cmTC_d021b.dir/build.make CMakeFiles/cmTC_d021b.dir/build
make[1]: Entering directory '/media/sdcard/openCV343/opencv-3.4/build/CMakeFiles/CMakeTmp'
Building CXX object CMakeFiles/cmTC_d021b.dir/src.cxx.o
/usr/bin/c++    -O3 -DNDEBUG -fPIE   -fsigned-char -W -Wall -Werror=return-type -Werror=non-virtual-dtor -Werror=address -Werror=sequence-point -Wformat -Werror=format-security -Wmissing-declarations -Wundef -Winit-self -Wpointer-arith -Wshadow -Wsign-promo -Wuninitialized -Winit-self -Wno-narrowing -Wno-delete-non-virtual-dtor -Wno-unnamed-type-template-args -o CMakeFiles/cmTC_d021b.dir/src.cxx.o -c /media/sdcard/openCV343/opencv-3.4/build/CMakeFiles/CMakeTmp/src.cxx
/media/sdcard/openCV343/opencv-3.4/build/CMakeFiles/CMakeTmp/src.cxx:1: warning: ignoring #pragma   [-Wunknown-pragmas]
 #pragma
 
cc1plus: warning: unrecognized command line option ‘-Wno-unnamed-type-template-args’
Linking CXX executable cmTC_d021b
/usr/bin/cmake -E cmake_link_script CMakeFiles/cmTC_d021b.dir/link.txt --verbose=1
/usr/bin/c++    -O3 -DNDEBUG    -rdynamic CMakeFiles/cmTC_d021b.dir/src.cxx.o  -o cmTC_d021b 
make[1]: Leaving directory '/media/sdcard/openCV343/opencv-3.4/build/CMakeFiles/CMakeTmp'

===== END =====

Build output check failed:
    Regex: 'unrecognized .*option'
    Output line: 'cc1: warning: unrecognized command line option ‘-Wno-unnamed-type-template-args’'
Compilation failed:
    source file: '/media/sdcard/openCV343/opencv-3.4/build/CMakeFiles/CMakeTmp/src.c'
    check option: ' -fsigned-char -W -Wall -Werror=return-type -Werror=non-virtual-dtor -Werror=address -Werror=sequence-point -Wformat -Werror=format-security -Wmissing-declarations -Wmissing-prototypes -Wstrict-prototypes -Wundef -Winit-self -Wpointer-arith -Wshadow -Wuninitialized -Winit-self -Wno-narrowing  -Wno-unnamed-type-template-args'
===== BUILD LOG =====
Change Dir: /media/sdcard/openCV343/opencv-3.4/build/CMakeFiles/CMakeTmp

Run Build Command:"/usr/bin/make" "cmTC_ef887/fast"
/usr/bin/make -f CMakeFiles/cmTC_ef887.dir/build.make CMakeFiles/cmTC_ef887.dir/build
make[1]: Entering directory '/media/sdcard/openCV343/opencv-3.4/build/CMakeFiles/CMakeTmp'
Building C object CMakeFiles/cmTC_ef887.dir/src.c.o
/usr/bin/cc   -O3 -DNDEBUG -fPIE   -fsigned-char -W -Wall -Werror=return-type -Werror=non-virtual-dtor -Werror=address -Werror=sequence-point -Wformat -Werror=format-security -Wmissing-declarations -Wmissing-prototypes -Wstrict-prototypes -Wundef -Winit-self -Wpointer-arith -Wshadow -Wuninitialized -Winit-self -Wno-narrowing -Wno-unnamed-type-template-args -o CMakeFiles/cmTC_ef887.dir/src.c.o   -c /media/sdcard/openCV343/opencv-3.4/build/CMakeFiles/CMakeTmp/src.c
/media/sdcard/openCV343/opencv-3.4/build/CMakeFiles/CMakeTmp/src.c:1: warning: ignoring #pragma   [-Wunknown-pragmas]
 #pragma
 
cc1: warning: unrecognized command line option ‘-Wno-unnamed-type-template-args’
Linking C executable cmTC_ef887
/usr/bin/cmake -E cmake_link_script CMakeFiles/cmTC_ef887.dir/link.txt --verbose=1
/usr/bin/cc   -O3 -DNDEBUG    -rdynamic CMakeFiles/cmTC_ef887.dir/src.c.o  -o cmTC_ef887 
make[1]: Leaving directory '/media/sdcard/openCV343/opencv-3.4/build/CMakeFiles/CMakeTmp'

===== END =====

Build output check failed:
    Regex: 'command line option .* is valid for .* but not for C'
    Output line: 'cc1: warning: command line option ‘-fvisibility-inlines-hidden’ is valid for C++/ObjC++ but not for C'
Compilation failed:
    source file: '/media/sdcard/openCV343/opencv-3.4/build/CMakeFiles/CMakeTmp/src.c'
    check option: ' -fsigned-char -W -Wall -Werror=return-type -Werror=non-virtual-dtor -Werror=address -Werror=sequence-point -Wformat -Werror=format-security -Wmissing-declarations -Wmissing-prototypes -Wstrict-prototypes -Wundef -Winit-self -Wpointer-arith -Wshadow -Wuninitialized -Winit-self -Wno-narrowing -Wno-comment -Wimplicit-fallthrough=3 -Wno-strict-overflow -fdiagnostics-show-option -pthread -fomit-frame-pointer -ffunction-sections -fdata-sections    -fvisibility=hidden  -fvisibility-inlines-hidden'
===== BUILD LOG =====
Change Dir: /media/sdcard/openCV343/opencv-3.4/build/CMakeFiles/CMakeTmp

Run Build Command:"/usr/bin/make" "cmTC_9d939/fast"
/usr/bin/make -f CMakeFiles/cmTC_9d939.dir/build.make CMakeFiles/cmTC_9d939.dir/build
make[1]: Entering directory '/media/sdcard/openCV343/opencv-3.4/build/CMakeFiles/CMakeTmp'
Building C object CMakeFiles/cmTC_9d939.dir/src.c.o
/usr/bin/cc   -O3 -DNDEBUG -fPIE   -fsigned-char -W -Wall -Werror=return-type -Werror=non-virtual-dtor -Werror=address -Werror=sequence-point -Wformat -Werror=format-security -Wmissing-declarations -Wmissing-prototypes -Wstrict-prototypes -Wundef -Winit-self -Wpointer-arith -Wshadow -Wuninitialized -Winit-self -Wno-narrowing -Wno-comment -Wimplicit-fallthrough=3 -Wno-strict-overflow -fdiagnostics-show-option -pthread -fomit-frame-pointer -ffunction-sections -fdata-sections -fvisibility=hidden -fvisibility-inlines-hidden -o CMakeFiles/cmTC_9d939.dir/src.c.o   -c /media/sdcard/openCV343/opencv-3.4/build/CMakeFiles/CMakeTmp/src.c
cc1: warning: command line option ‘-fvisibility-inlines-hidden’ is valid for C++/ObjC++ but not for C
/media/sdcard/openCV343/opencv-3.4/build/CMakeFiles/CMakeTmp/src.c:1: warning: ignoring #pragma   [-Wunknown-pragmas]
 #pragma
 
Linking C executable cmTC_9d939
/usr/bin/cmake -E cmake_link_script CMakeFiles/cmTC_9d939.dir/link.txt --verbose=1
/usr/bin/cc   -O3 -DNDEBUG    -rdynamic CMakeFiles/cmTC_9d939.dir/src.c.o  -o cmTC_9d939 
make[1]: Leaving directory '/media/sdcard/openCV343/opencv-3.4/build/CMakeFiles/CMakeTmp'

===== END =====

Determining if the include file io.h exists failed with the following output:
Change Dir: /media/sdcard/openCV343/opencv-3.4/build/CMakeFiles/CMakeTmp

Run Build Command:"/usr/bin/make" "cmTC_cbe8b/fast"
/usr/bin/make -f CMakeFiles/cmTC_cbe8b.dir/build.make CMakeFiles/cmTC_cbe8b.dir/build
make[1]: Entering directory '/media/sdcard/openCV343/opencv-3.4/build/CMakeFiles/CMakeTmp'
Building C object CMakeFiles/cmTC_cbe8b.dir/CheckIncludeFile.c.o
/usr/bin/cc   -fsigned-char -W -Wall -Werror=return-type -Werror=non-virtual-dtor -Werror=address -Werror=sequence-point -Wformat -Werror=format-security -Wmissing-declarations -Wmissing-prototypes -Wstrict-prototypes -Wundef -Winit-self -Wpointer-arith -Wshadow -Wuninitialized -Winit-self -Wno-narrowing -Wno-comment -Wimplicit-fallthrough=3 -Wno-strict-overflow -fdiagnostics-show-option -pthread -fomit-frame-pointer -ffunction-sections -fdata-sections    -fvisibility=hidden  -O3 -DNDEBUG -fPIE   -o CMakeFiles/cmTC_cbe8b.dir/CheckIncludeFile.c.o   -c /media/sdcard/openCV343/opencv-3.4/build/CMakeFiles/CMakeTmp/CheckIncludeFile.c
/media/sdcard/openCV343/opencv-3.4/build/CMakeFiles/CMakeTmp/CheckIncludeFile.c:1:10: fatal error: io.h: No such file or directory
 #include <io.h>
          ^~~~~~
compilation terminated.
make[1]: *** [CMakeFiles/cmTC_cbe8b.dir/build.make:66: CMakeFiles/cmTC_cbe8b.dir/CheckIncludeFile.c.o] Error 1
make[1]: Leaving directory '/media/sdcard/openCV343/opencv-3.4/build/CMakeFiles/CMakeTmp'
make: *** [Makefile:121: cmTC_cbe8b/fast] Error 2


Determining size of INT8 failed with the following output:
Change Dir: /media/sdcard/openCV343/opencv-3.4/build/CMakeFiles/CMakeTmp

Run Build Command:"/usr/bin/make" "cmTC_d1f7c/fast"
/usr/bin/make -f CMakeFiles/cmTC_d1f7c.dir/build.make CMakeFiles/cmTC_d1f7c.dir/build
make[1]: Entering directory '/media/sdcard/openCV343/opencv-3.4/build/CMakeFiles/CMakeTmp'
Building C object CMakeFiles/cmTC_d1f7c.dir/int8.c.o
/usr/bin/cc   -fsigned-char -W -Wall -Werror=return-type -Werror=non-virtual-dtor -Werror=address -Werror=sequence-point -Wformat -Werror=format-security -Wmissing-declarations -Wmissing-prototypes -Wstrict-prototypes -Wundef -Winit-self -Wpointer-arith -Wshadow -Wuninitialized -Winit-self -Wno-narrowing -Wno-comment -Wimplicit-fallthrough=3 -Wno-strict-overflow -fdiagnostics-show-option -pthread -fomit-frame-pointer -ffunction-sections -fdata-sections    -fvisibility=hidden  -O3 -DNDEBUG -fPIE   -o CMakeFiles/cmTC_d1f7c.dir/int8.c.o   -c /media/sdcard/openCV343/opencv-3.4/build/CMakeFiles/CheckTypeSize/int8.c
/media/sdcard/openCV343/opencv-3.4/build/CMakeFiles/CheckTypeSize/int8.c:23:22: error: ‘INT8’ undeclared here (not in a function); did you mean ‘INT8_C’?
 #define SIZE (sizeof(INT8))
                      ^~~~
/media/sdcard/openCV343/opencv-3.4/build/CMakeFiles/CheckTypeSize/int8.c:25:12: note: in expansion of macro ‘SIZE’
   ('0' + ((SIZE / 10000)%10)),
            ^~~~
make[1]: *** [CMakeFiles/cmTC_d1f7c.dir/build.make:66: CMakeFiles/cmTC_d1f7c.dir/int8.c.o] Error 1
make[1]: Leaving directory '/media/sdcard/openCV343/opencv-3.4/build/CMakeFiles/CMakeTmp'
make: *** [Makefile:121: cmTC_d1f7c/fast] Error 2

/media/sdcard/openCV343/opencv-3.4/build/CMakeFiles/CheckTypeSize/int8.c:
#include <sys/types.h>
#include <stdint.h>
#include <stddef.h>


#undef KEY
#if defined(__i386)
# define KEY '_','_','i','3','8','6'
#elif defined(__x86_64)
# define KEY '_','_','x','8','6','_','6','4'
#elif defined(__ppc__)
# define KEY '_','_','p','p','c','_','_'
#elif defined(__ppc64__)
# define KEY '_','_','p','p','c','6','4','_','_'
#elif defined(__aarch64__)
# define KEY '_','_','a','a','r','c','h','6','4','_','_'
#elif defined(__ARM_ARCH_7A__)
# define KEY '_','_','A','R','M','_','A','R','C','H','_','7','A','_','_'
#elif defined(__ARM_ARCH_7S__)
# define KEY '_','_','A','R','M','_','A','R','C','H','_','7','S','_','_'
#endif

#define SIZE (sizeof(INT8))
char info_size[] =  {'I', 'N', 'F', 'O', ':', 's','i','z','e','[',
  ('0' + ((SIZE / 10000)%10)),
  ('0' + ((SIZE / 1000)%10)),
  ('0' + ((SIZE / 100)%10)),
  ('0' + ((SIZE / 10)%10)),
  ('0' +  (SIZE    % 10)),
  ']',
#ifdef KEY
  ' ','k','e','y','[', KEY, ']',
#endif
  '\0'};

#ifdef __CLASSIC_C__
int main(argc, argv) int argc; char *argv[];
#else
int main(int argc, char *argv[])
#endif
{
  int require = 0;
  require += info_size[argc];
  (void)argv;
  return require;
}


Determining size of INT16 failed with the following output:
Change Dir: /media/sdcard/openCV343/opencv-3.4/build/CMakeFiles/CMakeTmp

Run Build Command:"/usr/bin/make" "cmTC_31171/fast"
/usr/bin/make -f CMakeFiles/cmTC_31171.dir/build.make CMakeFiles/cmTC_31171.dir/build
make[1]: Entering directory '/media/sdcard/openCV343/opencv-3.4/build/CMakeFiles/CMakeTmp'
Building C object CMakeFiles/cmTC_31171.dir/int16.c.o
/usr/bin/cc   -fsigned-char -W -Wall -Werror=return-type -Werror=non-virtual-dtor -Werror=address -Werror=sequence-point -Wformat -Werror=format-security -Wmissing-declarations -Wmissing-prototypes -Wstrict-prototypes -Wundef -Winit-self -Wpointer-arith -Wshadow -Wuninitialized -Winit-self -Wno-narrowing -Wno-comment -Wimplicit-fallthrough=3 -Wno-strict-overflow -fdiagnostics-show-option -pthread -fomit-frame-pointer -ffunction-sections -fdata-sections    -fvisibility=hidden  -O3 -DNDEBUG -fPIE   -o CMakeFiles/cmTC_31171.dir/int16.c.o   -c /media/sdcard/openCV343/opencv-3.4/build/CMakeFiles/CheckTypeSize/int16.c
/media/sdcard/openCV343/opencv-3.4/build/CMakeFiles/CheckTypeSize/int16.c:23:22: error: ‘INT16’ undeclared here (not in a function); did you mean ‘INT16_C’?
 #define SIZE (sizeof(INT16))
                      ^~~~~
/media/sdcard/openCV343/opencv-3.4/build/CMakeFiles/CheckTypeSize/int16.c:25:12: note: in expansion of macro ‘SIZE’
   ('0' + ((SIZE / 10000)%10)),
            ^~~~
make[1]: *** [CMakeFiles/cmTC_31171.dir/build.make:66: CMakeFiles/cmTC_31171.dir/int16.c.o] Error 1
make[1]: Leaving directory '/media/sdcard/openCV343/opencv-3.4/build/CMakeFiles/CMakeTmp'
make: *** [Makefile:121: cmTC_31171/fast] Error 2

/media/sdcard/openCV343/opencv-3.4/build/CMakeFiles/CheckTypeSize/int16.c:
#include <sys/types.h>
#include <stdint.h>
#include <stddef.h>


#undef KEY
#if defined(__i386)
# define KEY '_','_','i','3','8','6'
#elif defined(__x86_64)
# define KEY '_','_','x','8','6','_','6','4'
#elif defined(__ppc__)
# define KEY '_','_','p','p','c','_','_'
#elif defined(__ppc64__)
# define KEY '_','_','p','p','c','6','4','_','_'
#elif defined(__aarch64__)
# define KEY '_','_','a','a','r','c','h','6','4','_','_'
#elif defined(__ARM_ARCH_7A__)
# define KEY '_','_','A','R','M','_','A','R','C','H','_','7','A','_','_'
#elif defined(__ARM_ARCH_7S__)
# define KEY '_','_','A','R','M','_','A','R','C','H','_','7','S','_','_'
#endif

#define SIZE (sizeof(INT16))
char info_size[] =  {'I', 'N', 'F', 'O', ':', 's','i','z','e','[',
  ('0' + ((SIZE / 10000)%10)),
  ('0' + ((SIZE / 1000)%10)),
  ('0' + ((SIZE / 100)%10)),
  ('0' + ((SIZE / 10)%10)),
  ('0' +  (SIZE    % 10)),
  ']',
#ifdef KEY
  ' ','k','e','y','[', KEY, ']',
#endif
  '\0'};

#ifdef __CLASSIC_C__
int main(argc, argv) int argc; char *argv[];
#else
int main(int argc, char *argv[])
#endif
{
  int require = 0;
  require += info_size[argc];
  (void)argv;
  return require;
}


Determining size of INT32 failed with the following output:
Change Dir: /media/sdcard/openCV343/opencv-3.4/build/CMakeFiles/CMakeTmp

Run Build Command:"/usr/bin/make" "cmTC_77420/fast"
/usr/bin/make -f CMakeFiles/cmTC_77420.dir/build.make CMakeFiles/cmTC_77420.dir/build
make[1]: Entering directory '/media/sdcard/openCV343/opencv-3.4/build/CMakeFiles/CMakeTmp'
Building C object CMakeFiles/cmTC_77420.dir/int32.c.o
/usr/bin/cc   -fsigned-char -W -Wall -Werror=return-type -Werror=non-virtual-dtor -Werror=address -Werror=sequence-point -Wformat -Werror=format-security -Wmissing-declarations -Wmissing-prototypes -Wstrict-prototypes -Wundef -Winit-self -Wpointer-arith -Wshadow -Wuninitialized -Winit-self -Wno-narrowing -Wno-comment -Wimplicit-fallthrough=3 -Wno-strict-overflow -fdiagnostics-show-option -pthread -fomit-frame-pointer -ffunction-sections -fdata-sections    -fvisibility=hidden  -O3 -DNDEBUG -fPIE   -o CMakeFiles/cmTC_77420.dir/int32.c.o   -c /media/sdcard/openCV343/opencv-3.4/build/CMakeFiles/CheckTypeSize/int32.c
/media/sdcard/openCV343/opencv-3.4/build/CMakeFiles/CheckTypeSize/int32.c:23:22: error: ‘INT32’ undeclared here (not in a function); did you mean ‘INT32_C’?
 #define SIZE (sizeof(INT32))
                      ^~~~~
/media/sdcard/openCV343/opencv-3.4/build/CMakeFiles/CheckTypeSize/int32.c:25:12: note: in expansion of macro ‘SIZE’
   ('0' + ((SIZE / 10000)%10)),
            ^~~~
make[1]: *** [CMakeFiles/cmTC_77420.dir/build.make:66: CMakeFiles/cmTC_77420.dir/int32.c.o] Error 1
make[1]: Leaving directory '/media/sdcard/openCV343/opencv-3.4/build/CMakeFiles/CMakeTmp'
make: *** [Makefile:121: cmTC_77420/fast] Error 2

/media/sdcard/openCV343/opencv-3.4/build/CMakeFiles/CheckTypeSize/int32.c:
#include <sys/types.h>
#include <stdint.h>
#include <stddef.h>


#undef KEY
#if defined(__i386)
# define KEY '_','_','i','3','8','6'
#elif defined(__x86_64)
# define KEY '_','_','x','8','6','_','6','4'
#elif defined(__ppc__)
# define KEY '_','_','p','p','c','_','_'
#elif defined(__ppc64__)
# define KEY '_','_','p','p','c','6','4','_','_'
#elif defined(__aarch64__)
# define KEY '_','_','a','a','r','c','h','6','4','_','_'
#elif defined(__ARM_ARCH_7A__)
# define KEY '_','_','A','R','M','_','A','R','C','H','_','7','A','_','_'
#elif defined(__ARM_ARCH_7S__)
# define KEY '_','_','A','R','M','_','A','R','C','H','_','7','S','_','_'
#endif

#define SIZE (sizeof(INT32))
char info_size[] =  {'I', 'N', 'F', 'O', ':', 's','i','z','e','[',
  ('0' + ((SIZE / 10000)%10)),
  ('0' + ((SIZE / 1000)%10)),
  ('0' + ((SIZE / 100)%10)),
  ('0' + ((SIZE / 10)%10)),
  ('0' +  (SIZE    % 10)),
  ']',
#ifdef KEY
  ' ','k','e','y','[', KEY, ']',
#endif
  '\0'};

#ifdef __CLASSIC_C__
int main(argc, argv) int argc; char *argv[];
#else
int main(int argc, char *argv[])
#endif
{
  int require = 0;
  require += info_size[argc];
  (void)argv;
  return require;
}


Determining if the function setmode exists failed with the following output:
Change Dir: /media/sdcard/openCV343/opencv-3.4/build/CMakeFiles/CMakeTmp

Run Build Command:"/usr/bin/make" "cmTC_5dbdf/fast"
/usr/bin/make -f CMakeFiles/cmTC_5dbdf.dir/build.make CMakeFiles/cmTC_5dbdf.dir/build
make[1]: Entering directory '/media/sdcard/openCV343/opencv-3.4/build/CMakeFiles/CMakeTmp'
make[1]: Warning: File '/usr/share/cmake-3.12/Modules/CheckFunctionExists.c' has modification time 20527185 s in the future
Building C object CMakeFiles/cmTC_5dbdf.dir/CheckFunctionExists.c.o
/usr/bin/cc   -fsigned-char -W -Wall -Werror=return-type -Werror=non-virtual-dtor -Werror=address -Werror=sequence-point -Wformat -Werror=format-security -Wmissing-declarations -Wmissing-prototypes -Wstrict-prototypes -Wundef -Winit-self -Wpointer-arith -Wshadow -Wuninitialized -Winit-self -Wno-narrowing -Wno-comment -Wimplicit-fallthrough=3 -Wno-strict-overflow -fdiagnostics-show-option -pthread -fomit-frame-pointer -ffunction-sections -fdata-sections    -fvisibility=hidden -DCHECK_FUNCTION_EXISTS=setmode -O3 -DNDEBUG -fPIE   -o CMakeFiles/cmTC_5dbdf.dir/CheckFunctionExists.c.o   -c /usr/share/cmake-3.12/Modules/CheckFunctionExists.c
Linking C executable cmTC_5dbdf
/usr/bin/cmake -E cmake_link_script CMakeFiles/cmTC_5dbdf.dir/link.txt --verbose=1
/usr/bin/cc    -fsigned-char -W -Wall -Werror=return-type -Werror=non-virtual-dtor -Werror=address -Werror=sequence-point -Wformat -Werror=format-security -Wmissing-declarations -Wmissing-prototypes -Wstrict-prototypes -Wundef -Winit-self -Wpointer-arith -Wshadow -Wuninitialized -Winit-self -Wno-narrowing -Wno-comment -Wimplicit-fallthrough=3 -Wno-strict-overflow -fdiagnostics-show-option -pthread -fomit-frame-pointer -ffunction-sections -fdata-sections    -fvisibility=hidden -DCHECK_FUNCTION_EXISTS=setmode -O3 -DNDEBUG    -Wl,--gc-sections  -rdynamic CMakeFiles/cmTC_5dbdf.dir/CheckFunctionExists.c.o  -o cmTC_5dbdf 
/usr/bin/ld: CMakeFiles/cmTC_5dbdf.dir/CheckFunctionExists.c.o: in function `main':
CheckFunctionExists.c:(.text.startup.main+0x10): undefined reference to `setmode'
collect2: error: ld returned 1 exit status
make[1]: *** [CMakeFiles/cmTC_5dbdf.dir/build.make:87: cmTC_5dbdf] Error 1
make[1]: Leaving directory '/media/sdcard/openCV343/opencv-3.4/build/CMakeFiles/CMakeTmp'
make: *** [Makefile:121: cmTC_5dbdf/fast] Error 2


Build output check failed:
    Regex: 'unrecognized .*option'
    Output line: 'cc1: warning: unrecognized command line option ‘-Wno-absolute-value’'
Compilation failed:
    source file: '/media/sdcard/openCV343/opencv-3.4/build/CMakeFiles/CMakeTmp/src.c'
    check option: ' -Wno-absolute-value'
===== BUILD LOG =====
Change Dir: /media/sdcard/openCV343/opencv-3.4/build/CMakeFiles/CMakeTmp

Run Build Command:"/usr/bin/make" "cmTC_48a96/fast"
/usr/bin/make -f CMakeFiles/cmTC_48a96.dir/build.make CMakeFiles/cmTC_48a96.dir/build
make[1]: Entering directory '/media/sdcard/openCV343/opencv-3.4/build/CMakeFiles/CMakeTmp'
Building C object CMakeFiles/cmTC_48a96.dir/src.c.o
/usr/bin/cc   -fsigned-char -W -Wall -Werror=return-type -Werror=non-virtual-dtor -Werror=address -Werror=sequence-point -Wformat -Werror=format-security   -Wstrict-prototypes -Wundef -Winit-self -Wpointer-arith  -Wuninitialized -Winit-self -Wno-narrowing -Wno-comment -Wimplicit-fallthrough=3 -Wno-strict-overflow -fdiagnostics-show-option -pthread -fomit-frame-pointer -ffunction-sections -fdata-sections    -fvisibility=hidden -Wno-implicit-function-declaration -Wno-uninitialized -Wno-missing-prototypes -Wno-unused-but-set-parameter -Wno-missing-declarations -Wno-unused -Wno-shadow -Wno-sign-compare -Wno-strict-overflow -Wno-pointer-compare  -O3 -DNDEBUG -fPIE   -Wno-absolute-value -o CMakeFiles/cmTC_48a96.dir/src.c.o   -c /media/sdcard/openCV343/opencv-3.4/build/CMakeFiles/CMakeTmp/src.c
/media/sdcard/openCV343/opencv-3.4/build/CMakeFiles/CMakeTmp/src.c:1: warning: ignoring #pragma   [-Wunknown-pragmas]
 #pragma
 
cc1: warning: unrecognized command line option ‘-Wno-absolute-value’
Linking C executable cmTC_48a96
/usr/bin/cmake -E cmake_link_script CMakeFiles/cmTC_48a96.dir/link.txt --verbose=1
/usr/bin/cc    -fsigned-char -W -Wall -Werror=return-type -Werror=non-virtual-dtor -Werror=address -Werror=sequence-point -Wformat -Werror=format-security   -Wstrict-prototypes -Wundef -Winit-self -Wpointer-arith  -Wuninitialized -Winit-self -Wno-narrowing -Wno-comment -Wimplicit-fallthrough=3 -Wno-strict-overflow -fdiagnostics-show-option -pthread -fomit-frame-pointer -ffunction-sections -fdata-sections    -fvisibility=hidden -Wno-implicit-function-declaration -Wno-uninitialized -Wno-missing-prototypes -Wno-unused-but-set-parameter -Wno-missing-declarations -Wno-unused -Wno-shadow -Wno-sign-compare -Wno-strict-overflow -Wno-pointer-compare  -O3 -DNDEBUG    -Wl,--gc-sections  -rdynamic CMakeFiles/cmTC_48a96.dir/src.c.o  -o cmTC_48a96 
make[1]: Leaving directory '/media/sdcard/openCV343/opencv-3.4/build/CMakeFiles/CMakeTmp'

===== END =====

Build output check failed:
    Regex: 'unrecognized .*option'
    Output line: 'cc1plus: warning: unrecognized command line option ‘-Wno-inconsistent-missing-override’'
Compilation failed:
    source file: '/media/sdcard/openCV343/opencv-3.4/build/CMakeFiles/CMakeTmp/src.cxx'
    check option: ' -Wno-inconsistent-missing-override'
===== BUILD LOG =====
Change Dir: /media/sdcard/openCV343/opencv-3.4/build/CMakeFiles/CMakeTmp

Run Build Command:"/usr/bin/make" "cmTC_a8db7/fast"
/usr/bin/make -f CMakeFiles/cmTC_a8db7.dir/build.make CMakeFiles/cmTC_a8db7.dir/build
make[1]: Entering directory '/media/sdcard/openCV343/opencv-3.4/build/CMakeFiles/CMakeTmp'
Building CXX object CMakeFiles/cmTC_a8db7.dir/src.cxx.o
/usr/bin/c++    -fsigned-char -W -Wall -Werror=return-type -Werror=non-virtual-dtor -Werror=address -Werror=sequence-point -Wformat -Werror=format-security   -Winit-self -Wpointer-arith  -Wsign-promo  -Winit-self -Wno-narrowing -Wno-delete-non-virtual-dtor -Wno-comment -Wimplicit-fallthrough=3 -Wno-strict-overflow -fdiagnostics-show-option -pthread -fomit-frame-pointer -ffunction-sections -fdata-sections    -fvisibility=hidden -fvisibility-inlines-hidden -Wno-shadow -Wno-unused -Wno-sign-compare -Wno-undef -Wno-missing-declarations -Wno-uninitialized -Wno-switch -Wno-parentheses -Wno-array-bounds -Wno-extra -Wno-deprecated-declarations -Wno-misleading-indentation -Wno-deprecated -Wno-suggest-override  -O3 -DNDEBUG -fPIE   -Wno-inconsistent-missing-override -o CMakeFiles/cmTC_a8db7.dir/src.cxx.o -c /media/sdcard/openCV343/opencv-3.4/build/CMakeFiles/CMakeTmp/src.cxx
/media/sdcard/openCV343/opencv-3.4/build/CMakeFiles/CMakeTmp/src.cxx:1: warning: ignoring #pragma   [-Wunknown-pragmas]
 #pragma
 
cc1plus: warning: unrecognized command line option ‘-Wno-inconsistent-missing-override’
Linking CXX executable cmTC_a8db7
/usr/bin/cmake -E cmake_link_script CMakeFiles/cmTC_a8db7.dir/link.txt --verbose=1
/usr/bin/c++     -fsigned-char -W -Wall -Werror=return-type -Werror=non-virtual-dtor -Werror=address -Werror=sequence-point -Wformat -Werror=format-security   -Winit-self -Wpointer-arith  -Wsign-promo  -Winit-self -Wno-narrowing -Wno-delete-non-virtual-dtor -Wno-comment -Wimplicit-fallthrough=3 -Wno-strict-overflow -fdiagnostics-show-option -pthread -fomit-frame-pointer -ffunction-sections -fdata-sections    -fvisibility=hidden -fvisibility-inlines-hidden -Wno-shadow -Wno-unused -Wno-sign-compare -Wno-undef -Wno-missing-declarations -Wno-uninitialized -Wno-switch -Wno-parentheses -Wno-array-bounds -Wno-extra -Wno-deprecated-declarations -Wno-misleading-indentation -Wno-deprecated -Wno-suggest-override  -O3 -DNDEBUG    -Wl,--gc-sections  -rdynamic CMakeFiles/cmTC_a8db7.dir/src.cxx.o  -o cmTC_a8db7 
make[1]: Leaving directory '/media/sdcard/openCV343/opencv-3.4/build/CMakeFiles/CMakeTmp'

===== END =====

Determining if the include file linux/videodev.h exists failed with the following output:
Change Dir: /media/sdcard/openCV343/opencv-3.4/build/CMakeFiles/CMakeTmp

Run Build Command:"/usr/bin/make" "cmTC_9c303/fast"
/usr/bin/make -f CMakeFiles/cmTC_9c303.dir/build.make CMakeFiles/cmTC_9c303.dir/build
make[1]: Entering directory '/media/sdcard/openCV343/opencv-3.4/build/CMakeFiles/CMakeTmp'
Building C object CMakeFiles/cmTC_9c303.dir/CheckIncludeFile.c.o
/usr/bin/cc   -fsigned-char -W -Wall -Werror=return-type -Werror=non-virtual-dtor -Werror=address -Werror=sequence-point -Wformat -Werror=format-security -Wmissing-declarations -Wmissing-prototypes -Wstrict-prototypes -Wundef -Winit-self -Wpointer-arith -Wshadow -Wuninitialized -Winit-self -Wno-narrowing -Wno-comment -Wimplicit-fallthrough=3 -Wno-strict-overflow -fdiagnostics-show-option -pthread -fomit-frame-pointer -ffunction-sections -fdata-sections    -fvisibility=hidden  -O3 -DNDEBUG -fPIE   -o CMakeFiles/cmTC_9c303.dir/CheckIncludeFile.c.o   -c /media/sdcard/openCV343/opencv-3.4/build/CMakeFiles/CMakeTmp/CheckIncludeFile.c
/media/sdcard/openCV343/opencv-3.4/build/CMakeFiles/CMakeTmp/CheckIncludeFile.c:1:10: fatal error: linux/videodev.h: No such file or directory
 #include <linux/videodev.h>
          ^~~~~~~~~~~~~~~~~~
compilation terminated.
make[1]: *** [CMakeFiles/cmTC_9c303.dir/build.make:66: CMakeFiles/cmTC_9c303.dir/CheckIncludeFile.c.o] Error 1
make[1]: Leaving directory '/media/sdcard/openCV343/opencv-3.4/build/CMakeFiles/CMakeTmp'
make: *** [Makefile:121: cmTC_9c303/fast] Error 2


Determining if the include file sys/videoio.h exists failed with the following output:
Change Dir: /media/sdcard/openCV343/opencv-3.4/build/CMakeFiles/CMakeTmp

Run Build Command:"/usr/bin/make" "cmTC_9afec/fast"
/usr/bin/make -f CMakeFiles/cmTC_9afec.dir/build.make CMakeFiles/cmTC_9afec.dir/build
make[1]: Entering directory '/media/sdcard/openCV343/opencv-3.4/build/CMakeFiles/CMakeTmp'
Building C object CMakeFiles/cmTC_9afec.dir/CheckIncludeFile.c.o
/usr/bin/cc   -fsigned-char -W -Wall -Werror=return-type -Werror=non-virtual-dtor -Werror=address -Werror=sequence-point -Wformat -Werror=format-security -Wmissing-declarations -Wmissing-prototypes -Wstrict-prototypes -Wundef -Winit-self -Wpointer-arith -Wshadow -Wuninitialized -Winit-self -Wno-narrowing -Wno-comment -Wimplicit-fallthrough=3 -Wno-strict-overflow -fdiagnostics-show-option -pthread -fomit-frame-pointer -ffunction-sections -fdata-sections    -fvisibility=hidden  -O3 -DNDEBUG -fPIE   -o CMakeFiles/cmTC_9afec.dir/CheckIncludeFile.c.o   -c /media/sdcard/openCV343/opencv-3.4/build/CMakeFiles/CMakeTmp/CheckIncludeFile.c
/media/sdcard/openCV343/opencv-3.4/build/CMakeFiles/CMakeTmp/CheckIncludeFile.c:1:10: fatal error: sys/videoio.h: No such file or directory
 #include <sys/videoio.h>
          ^~~~~~~~~~~~~~~
compilation terminated.
make[1]: *** [CMakeFiles/cmTC_9afec.dir/build.make:66: CMakeFiles/cmTC_9afec.dir/CheckIncludeFile.c.o] Error 1
make[1]: Leaving directory '/media/sdcard/openCV343/opencv-3.4/build/CMakeFiles/CMakeTmp'
make: *** [Makefile:121: cmTC_9afec/fast] Error 2


Build output check failed:
    Regex: 'command line option .* is valid for .* but not for C\+\+'
    Output line: 'cc1plus: warning: command line option ‘-Wno-missing-prototypes’ is valid for C/ObjC but not for C++'
Compilation failed:
    source file: '/media/sdcard/openCV343/opencv-3.4/build/CMakeFiles/CMakeTmp/src.cxx'
    check option: ' -Wno-missing-prototypes'
===== BUILD LOG =====
Change Dir: /media/sdcard/openCV343/opencv-3.4/build/CMakeFiles/CMakeTmp

Run Build Command:"/usr/bin/make" "cmTC_2081f/fast"
/usr/bin/make -f CMakeFiles/cmTC_2081f.dir/build.make CMakeFiles/cmTC_2081f.dir/build
make[1]: Entering directory '/media/sdcard/openCV343/opencv-3.4/build/CMakeFiles/CMakeTmp'
Building CXX object CMakeFiles/cmTC_2081f.dir/src.cxx.o
/usr/bin/c++    -fsigned-char -W -Wall -Werror=return-type -Werror=non-virtual-dtor -Werror=address -Werror=sequence-point -Wformat -Werror=format-security -Wmissing-declarations -Wundef -Winit-self -Wpointer-arith -Wshadow -Wsign-promo -Wuninitialized -Winit-self -Wno-narrowing -Wno-delete-non-virtual-dtor -Wno-comment -Wimplicit-fallthrough=3 -Wno-strict-overflow -fdiagnostics-show-option -pthread -fomit-frame-pointer -ffunction-sections -fdata-sections    -fvisibility=hidden -fvisibility-inlines-hidden -Wno-deprecated  -O3 -DNDEBUG -fPIE   -Wno-missing-prototypes -o CMakeFiles/cmTC_2081f.dir/src.cxx.o -c /media/sdcard/openCV343/opencv-3.4/build/CMakeFiles/CMakeTmp/src.cxx
cc1plus: warning: command line option ‘-Wno-missing-prototypes’ is valid for C/ObjC but not for C++
/media/sdcard/openCV343/opencv-3.4/build/CMakeFiles/CMakeTmp/src.cxx:1: warning: ignoring #pragma   [-Wunknown-pragmas]
 #pragma
 
Linking CXX executable cmTC_2081f
/usr/bin/cmake -E cmake_link_script CMakeFiles/cmTC_2081f.dir/link.txt --verbose=1
/usr/bin/c++     -fsigned-char -W -Wall -Werror=return-type -Werror=non-virtual-dtor -Werror=address -Werror=sequence-point -Wformat -Werror=format-security -Wmissing-declarations -Wundef -Winit-self -Wpointer-arith -Wshadow -Wsign-promo -Wuninitialized -Winit-self -Wno-narrowing -Wno-delete-non-virtual-dtor -Wno-comment -Wimplicit-fallthrough=3 -Wno-strict-overflow -fdiagnostics-show-option -pthread -fomit-frame-pointer -ffunction-sections -fdata-sections    -fvisibility=hidden -fvisibility-inlines-hidden -Wno-deprecated  -O3 -DNDEBUG    -Wl,--gc-sections  -rdynamic CMakeFiles/cmTC_2081f.dir/src.cxx.o  -o cmTC_2081f 
make[1]: Leaving directory '/media/sdcard/openCV343/opencv-3.4/build/CMakeFiles/CMakeTmp'

===== END =====

Build output check failed:
    Regex: 'unrecognized .*option'
    Output line: 'cc1plus: warning: unrecognized command line option ‘-Wno-tautological-undefined-compare’'
Compilation failed:
    source file: '/media/sdcard/openCV343/opencv-3.4/build/CMakeFiles/CMakeTmp/src.cxx'
    check option: ' -Wno-tautological-undefined-compare'
===== BUILD LOG =====
Change Dir: /media/sdcard/openCV343/opencv-3.4/build/CMakeFiles/CMakeTmp

Run Build Command:"/usr/bin/make" "cmTC_ab18d/fast"
/usr/bin/make -f CMakeFiles/cmTC_ab18d.dir/build.make CMakeFiles/cmTC_ab18d.dir/build
make[1]: Entering directory '/media/sdcard/openCV343/opencv-3.4/build/CMakeFiles/CMakeTmp'
Building CXX object CMakeFiles/cmTC_ab18d.dir/src.cxx.o
/usr/bin/c++    -fsigned-char -W -Wall -Werror=return-type -Werror=non-virtual-dtor -Werror=address -Werror=sequence-point -Wformat -Werror=format-security   -Winit-self -Wpointer-arith   -Wuninitialized -Winit-self -Wno-narrowing -Wno-delete-non-virtual-dtor -Wno-comment -Wimplicit-fallthrough=3 -Wno-strict-overflow -fdiagnostics-show-option -pthread -fomit-frame-pointer -ffunction-sections -fdata-sections    -fvisibility=hidden -fvisibility-inlines-hidden -Wno-deprecated -Wno-missing-declarations -Wno-shadow -Wno-unused-parameter -Wno-unused-local-typedefs -Wno-sign-compare -Wno-sign-promo -Wno-undef  -O3 -DNDEBUG -fPIE   -Wno-tautological-undefined-compare -o CMakeFiles/cmTC_ab18d.dir/src.cxx.o -c /media/sdcard/openCV343/opencv-3.4/build/CMakeFiles/CMakeTmp/src.cxx
/media/sdcard/openCV343/opencv-3.4/build/CMakeFiles/CMakeTmp/src.cxx:1: warning: ignoring #pragma   [-Wunknown-pragmas]
 #pragma
 
cc1plus: warning: unrecognized command line option ‘-Wno-tautological-undefined-compare’
Linking CXX executable cmTC_ab18d
/usr/bin/cmake -E cmake_link_script CMakeFiles/cmTC_ab18d.dir/link.txt --verbose=1
/usr/bin/c++     -fsigned-char -W -Wall -Werror=return-type -Werror=non-virtual-dtor -Werror=address -Werror=sequence-point -Wformat -Werror=format-security   -Winit-self -Wpointer-arith   -Wuninitialized -Winit-self -Wno-narrowing -Wno-delete-non-virtual-dtor -Wno-comment -Wimplicit-fallthrough=3 -Wno-strict-overflow -fdiagnostics-show-option -pthread -fomit-frame-pointer -ffunction-sections -fdata-sections    -fvisibility=hidden -fvisibility-inlines-hidden -Wno-deprecated -Wno-missing-declarations -Wno-shadow -Wno-unused-parameter -Wno-unused-local-typedefs -Wno-sign-compare -Wno-sign-promo -Wno-undef  -O3 -DNDEBUG    -Wl,--gc-sections  -rdynamic CMakeFiles/cmTC_ab18d.dir/src.cxx.o  -o cmTC_ab18d 
make[1]: Leaving directory '/media/sdcard/openCV343/opencv-3.4/build/CMakeFiles/CMakeTmp'

===== END =====

Build output check failed:
    Regex: 'unrecognized .*option'
    Output line: 'cc1plus: warning: unrecognized command line option ‘-Wno-shorten-64-to-32’'
Compilation failed:
    source file: '/media/sdcard/openCV343/opencv-3.4/build/CMakeFiles/CMakeTmp/src.cxx'
    check option: ' -Wno-shorten-64-to-32'
===== BUILD LOG =====
Change Dir: /media/sdcard/openCV343/opencv-3.4/build/CMakeFiles/CMakeTmp

Run Build Command:"/usr/bin/make" "cmTC_4933e/fast"
/usr/bin/make -f CMakeFiles/cmTC_4933e.dir/build.make CMakeFiles/cmTC_4933e.dir/build
make[1]: Entering directory '/media/sdcard/openCV343/opencv-3.4/build/CMakeFiles/CMakeTmp'
Building CXX object CMakeFiles/cmTC_4933e.dir/src.cxx.o
/usr/bin/c++    -fsigned-char -W -Wall -Werror=return-type -Werror=non-virtual-dtor -Werror=address -Werror=sequence-point -Wformat -Werror=format-security   -Winit-self -Wpointer-arith   -Wuninitialized -Winit-self -Wno-narrowing -Wno-delete-non-virtual-dtor -Wno-comment -Wimplicit-fallthrough=3 -Wno-strict-overflow -fdiagnostics-show-option -pthread -fomit-frame-pointer -ffunction-sections -fdata-sections    -fvisibility=hidden -fvisibility-inlines-hidden -Wno-deprecated -Wno-missing-declarations -Wno-shadow -Wno-unused-parameter -Wno-unused-local-typedefs -Wno-sign-compare -Wno-sign-promo -Wno-undef -Wno-ignored-qualifiers -Wno-extra -Wno-unused-function -Wno-unused-const-variable  -O3 -DNDEBUG -fPIE   -Wno-shorten-64-to-32 -o CMakeFiles/cmTC_4933e.dir/src.cxx.o -c /media/sdcard/openCV343/opencv-3.4/build/CMakeFiles/CMakeTmp/src.cxx
/media/sdcard/openCV343/opencv-3.4/build/CMakeFiles/CMakeTmp/src.cxx:1: warning: ignoring #pragma   [-Wunknown-pragmas]
 #pragma
 
cc1plus: warning: unrecognized command line option ‘-Wno-shorten-64-to-32’
Linking CXX executable cmTC_4933e
/usr/bin/cmake -E cmake_link_script CMakeFiles/cmTC_4933e.dir/link.txt --verbose=1
/usr/bin/c++     -fsigned-char -W -Wall -Werror=return-type -Werror=non-virtual-dtor -Werror=address -Werror=sequence-point -Wformat -Werror=format-security   -Winit-self -Wpointer-arith   -Wuninitialized -Winit-self -Wno-narrowing -Wno-delete-non-virtual-dtor -Wno-comment -Wimplicit-fallthrough=3 -Wno-strict-overflow -fdiagnostics-show-option -pthread -fomit-frame-pointer -ffunction-sections -fdata-sections    -fvisibility=hidden -fvisibility-inlines-hidden -Wno-deprecated -Wno-missing-declarations -Wno-shadow -Wno-unused-parameter -Wno-unused-local-typedefs -Wno-sign-compare -Wno-sign-promo -Wno-undef -Wno-ignored-qualifiers -Wno-extra -Wno-unused-function -Wno-unused-const-variable  -O3 -DNDEBUG    -Wl,--gc-sections  -rdynamic CMakeFiles/cmTC_4933e.dir/src.cxx.o  -o cmTC_4933e 
make[1]: Leaving directory '/media/sdcard/openCV343/opencv-3.4/build/CMakeFiles/CMakeTmp'

===== END =====

Build output check failed:
    Regex: 'unrecognized .*option'
    Output line: 'cc1plus: warning: unrecognized command line option ‘-Wno-enum-compare-switch’'
Compilation failed:
    source file: '/media/sdcard/openCV343/opencv-3.4/build/CMakeFiles/CMakeTmp/src.cxx'
    check option: ' -Wno-enum-compare-switch'
===== BUILD LOG =====
Change Dir: /media/sdcard/openCV343/opencv-3.4/build/CMakeFiles/CMakeTmp

Run Build Command:"/usr/bin/make" "cmTC_f182f/fast"
/usr/bin/make -f CMakeFiles/cmTC_f182f.dir/build.make CMakeFiles/cmTC_f182f.dir/build
make[1]: Entering directory '/media/sdcard/openCV343/opencv-3.4/build/CMakeFiles/CMakeTmp'
Building CXX object CMakeFiles/cmTC_f182f.dir/src.cxx.o
/usr/bin/c++    -fsigned-char -W -Wall -Werror=return-type -Werror=non-virtual-dtor -Werror=address -Werror=sequence-point -Wformat -Werror=format-security   -Winit-self -Wpointer-arith   -Wuninitialized -Winit-self -Wno-narrowing -Wno-delete-non-virtual-dtor -Wno-comment -Wimplicit-fallthrough=3 -Wno-strict-overflow -fdiagnostics-show-option -pthread -fomit-frame-pointer -ffunction-sections -fdata-sections    -fvisibility=hidden -fvisibility-inlines-hidden -Wno-deprecated -Wno-missing-declarations -Wno-shadow -Wno-unused-parameter -Wno-unused-local-typedefs -Wno-sign-compare -Wno-sign-promo -Wno-undef -Wno-ignored-qualifiers -Wno-extra -Wno-unused-function -Wno-unused-const-variable -Wno-invalid-offsetof  -O3 -DNDEBUG -fPIE   -Wno-enum-compare-switch -o CMakeFiles/cmTC_f182f.dir/src.cxx.o -c /media/sdcard/openCV343/opencv-3.4/build/CMakeFiles/CMakeTmp/src.cxx
/media/sdcard/openCV343/opencv-3.4/build/CMakeFiles/CMakeTmp/src.cxx:1: warning: ignoring #pragma   [-Wunknown-pragmas]
 #pragma
 
cc1plus: warning: unrecognized command line option ‘-Wno-enum-compare-switch’
Linking CXX executable cmTC_f182f
/usr/bin/cmake -E cmake_link_script CMakeFiles/cmTC_f182f.dir/link.txt --verbose=1
/usr/bin/c++     -fsigned-char -W -Wall -Werror=return-type -Werror=non-virtual-dtor -Werror=address -Werror=sequence-point -Wformat -Werror=format-security   -Winit-self -Wpointer-arith   -Wuninitialized -Winit-self -Wno-narrowing -Wno-delete-non-virtual-dtor -Wno-comment -Wimplicit-fallthrough=3 -Wno-strict-overflow -fdiagnostics-show-option -pthread -fomit-frame-pointer -ffunction-sections -fdata-sections    -fvisibility=hidden -fvisibility-inlines-hidden -Wno-deprecated -Wno-missing-declarations -Wno-shadow -Wno-unused-parameter -Wno-unused-local-typedefs -Wno-sign-compare -Wno-sign-promo -Wno-undef -Wno-ignored-qualifiers -Wno-extra -Wno-unused-function -Wno-unused-const-variable -Wno-invalid-offsetof  -O3 -DNDEBUG    -Wl,--gc-sections  -rdynamic CMakeFiles/cmTC_f182f.dir/src.cxx.o  -o cmTC_f182f 
make[1]: Leaving directory '/media/sdcard/openCV343/opencv-3.4/build/CMakeFiles/CMakeTmp'

===== END =====

Performing C++ SOURCE FILE Test CXX_HAS_MFPU_NEON failed with the following output:
Change Dir: /media/sdcard/openCV343/opencv-3.4/build/CMakeFiles/CMakeTmp

Run Build Command:"/usr/bin/make" "cmTC_42f67/fast"
/usr/bin/make -f CMakeFiles/cmTC_42f67.dir/build.make CMakeFiles/cmTC_42f67.dir/build
make[1]: Entering directory '/media/sdcard/openCV343/opencv-3.4/build/CMakeFiles/CMakeTmp'
Building CXX object CMakeFiles/cmTC_42f67.dir/src.cxx.o
/usr/bin/c++    -fsigned-char -W -Wall -Werror=return-type -Werror=non-virtual-dtor -Werror=address -Werror=sequence-point -Wformat -Werror=format-security -Wmissing-declarations -Wundef -Winit-self -Wpointer-arith -Wshadow -Wsign-promo -Wuninitialized -Winit-self -Wno-narrowing -Wno-delete-non-virtual-dtor -Wno-comment -Wimplicit-fallthrough=3 -Wno-strict-overflow -fdiagnostics-show-option -pthread -fomit-frame-pointer -ffunction-sections -fdata-sections    -fvisibility=hidden -fvisibility-inlines-hidden -funwind-tables -fweb -fwrapv -frename-registers -fsched2-use-superblocks -fsched2-use-traces -fsched-stalled-insns-dep=100 -fsched-stalled-insns=2 -DCXX_HAS_MFPU_NEON -O3 -DNDEBUG -fPIE   -mfpu=neon -o CMakeFiles/cmTC_42f67.dir/src.cxx.o -c /media/sdcard/openCV343/opencv-3.4/build/CMakeFiles/CMakeTmp/src.cxx
c++: error: unrecognized command line option '-mfpu=neon'
make[1]: *** [CMakeFiles/cmTC_42f67.dir/build.make:66: CMakeFiles/cmTC_42f67.dir/src.cxx.o] Error 1
make[1]: Leaving directory '/media/sdcard/openCV343/opencv-3.4/build/CMakeFiles/CMakeTmp'
make: *** [Makefile:121: cmTC_42f67/fast] Error 2

Source file was:
int main() { return 0; }
Performing C SOURCE FILE Test C_HAS_MFPU_NEON failed with the following output:
Change Dir: /media/sdcard/openCV343/opencv-3.4/build/CMakeFiles/CMakeTmp

Run Build Command:"/usr/bin/make" "cmTC_117a9/fast"
/usr/bin/make -f CMakeFiles/cmTC_117a9.dir/build.make CMakeFiles/cmTC_117a9.dir/build
make[1]: Entering directory '/media/sdcard/openCV343/opencv-3.4/build/CMakeFiles/CMakeTmp'
Building C object CMakeFiles/cmTC_117a9.dir/src.c.o
/usr/bin/cc   -fsigned-char -W -Wall -Werror=return-type -Werror=non-virtual-dtor -Werror=address -Werror=sequence-point -Wformat -Werror=format-security -Wmissing-declarations -Wmissing-prototypes -Wstrict-prototypes -Wundef -Winit-self -Wpointer-arith -Wshadow -Wuninitialized -Winit-self -Wno-narrowing -Wno-comment -Wimplicit-fallthrough=3 -Wno-strict-overflow -fdiagnostics-show-option -pthread -fomit-frame-pointer -ffunction-sections -fdata-sections    -fvisibility=hidden -funwind-tables -fweb -fwrapv -frename-registers -fsched2-use-superblocks -fsched2-use-traces -fsched-stalled-insns-dep=100 -fsched-stalled-insns=2 -DC_HAS_MFPU_NEON -O3 -DNDEBUG -fPIE   -mfpu=neon -o CMakeFiles/cmTC_117a9.dir/src.c.o   -c /media/sdcard/openCV343/opencv-3.4/build/CMakeFiles/CMakeTmp/src.c
cc: error: unrecognized command line option '-mfpu=neon'
make[1]: *** [CMakeFiles/cmTC_117a9.dir/build.make:66: CMakeFiles/cmTC_117a9.dir/src.c.o] Error 1
make[1]: Leaving directory '/media/sdcard/openCV343/opencv-3.4/build/CMakeFiles/CMakeTmp'
make: *** [Makefile:121: cmTC_117a9/fast] Error 2

Source file was:
int main(void) { return 0; }
Build output check failed:
    Regex: 'unrecognized .*option'
    Output line: 'cc1plus: warning: unrecognized command line option ‘-Wno-unused-private-field’'
Compilation failed:
    source file: '/media/sdcard/openCV343/opencv-3.4/build/CMakeFiles/CMakeTmp/src.cxx'
    check option: ' -Wno-unused-private-field'
===== BUILD LOG =====
Change Dir: /media/sdcard/openCV343/opencv-3.4/build/CMakeFiles/CMakeTmp

Run Build Command:"/usr/bin/make" "cmTC_ebd46/fast"
/usr/bin/make -f CMakeFiles/cmTC_ebd46.dir/build.make CMakeFiles/cmTC_ebd46.dir/build
make[1]: Entering directory '/media/sdcard/openCV343/opencv-3.4/build/CMakeFiles/CMakeTmp'
Building CXX object CMakeFiles/cmTC_ebd46.dir/src.cxx.o
/usr/bin/c++    -fsigned-char -W -Wall -Werror=return-type -Werror=non-virtual-dtor -Werror=address -Werror=sequence-point -Wformat -Werror=format-security -Wmissing-declarations -Wundef -Winit-self -Wpointer-arith -Wshadow -Wsign-promo -Wuninitialized -Winit-self -Wno-narrowing -Wno-delete-non-virtual-dtor -Wno-comment -Wimplicit-fallthrough=3 -Wno-strict-overflow -fdiagnostics-show-option -pthread -fomit-frame-pointer -ffunction-sections -fdata-sections    -fvisibility=hidden -fvisibility-inlines-hidden -Wno-unused-function -Wno-deprecated-declarations -Wno-overloaded-virtual  -O3 -DNDEBUG -fPIE   -Wno-unused-private-field -o CMakeFiles/cmTC_ebd46.dir/src.cxx.o -c /media/sdcard/openCV343/opencv-3.4/build/CMakeFiles/CMakeTmp/src.cxx
/media/sdcard/openCV343/opencv-3.4/build/CMakeFiles/CMakeTmp/src.cxx:1: warning: ignoring #pragma   [-Wunknown-pragmas]
 #pragma
 
cc1plus: warning: unrecognized command line option ‘-Wno-unused-private-field’
Linking CXX executable cmTC_ebd46
/usr/bin/cmake -E cmake_link_script CMakeFiles/cmTC_ebd46.dir/link.txt --verbose=1
/usr/bin/c++     -fsigned-char -W -Wall -Werror=return-type -Werror=non-virtual-dtor -Werror=address -Werror=sequence-point -Wformat -Werror=format-security -Wmissing-declarations -Wundef -Winit-self -Wpointer-arith -Wshadow -Wsign-promo -Wuninitialized -Winit-self -Wno-narrowing -Wno-delete-non-virtual-dtor -Wno-comment -Wimplicit-fallthrough=3 -Wno-strict-overflow -fdiagnostics-show-option -pthread -fomit-frame-pointer -ffunction-sections -fdata-sections    -fvisibility=hidden -fvisibility-inlines-hidden -Wno-unused-function -Wno-deprecated-declarations -Wno-overloaded-virtual  -O3 -DNDEBUG    -Wl,--gc-sections  -rdynamic CMakeFiles/cmTC_ebd46.dir/src.cxx.o  -o cmTC_ebd46 
make[1]: Leaving directory '/media/sdcard/openCV343/opencv-3.4/build/CMakeFiles/CMakeTmp'

===== END =====

Determining if the CL_VERSION_2_2 exist failed with the following output:
Change Dir: /media/sdcard/openCV343/opencv-3.4/build/CMakeFiles/CMakeTmp

Run Build Command:"/usr/bin/make" "cmTC_b9313/fast"
/usr/bin/make -f CMakeFiles/cmTC_b9313.dir/build.make CMakeFiles/cmTC_b9313.dir/build
make[1]: Entering directory '/media/sdcard/openCV343/opencv-3.4/build/CMakeFiles/CMakeTmp'
Building C object CMakeFiles/cmTC_b9313.dir/CheckSymbolExists.c.o
/usr/bin/cc   -fsigned-char -W -Wall -Werror=return-type -Werror=non-virtual-dtor -Werror=address -Werror=sequence-point -Wformat -Werror=format-security -Wmissing-declarations -Wmissing-prototypes -Wstrict-prototypes -Wundef -Winit-self -Wpointer-arith -Wshadow -Wuninitialized -Winit-self -Wno-narrowing -Wno-comment -Wimplicit-fallthrough=3 -Wno-strict-overflow -fdiagnostics-show-option -pthread -fomit-frame-pointer -ffunction-sections -fdata-sections    -fvisibility=hidden  -O3 -DNDEBUG -fPIE   -o CMakeFiles/cmTC_b9313.dir/CheckSymbolExists.c.o   -c /media/sdcard/openCV343/opencv-3.4/build/CMakeFiles/CMakeTmp/CheckSymbolExists.c
/media/sdcard/openCV343/opencv-3.4/build/CMakeFiles/CMakeTmp/CheckSymbolExists.c:2:10: fatal error: OpenCL_INCLUDE_DIR-NOTFOUND/CL/cl.h: No such file or directory
 #include <OpenCL_INCLUDE_DIR-NOTFOUND/CL/cl.h>
          ^~~~~~~~~~~~~~~~~~~~~~~~~~~~~~~~~~~~~
compilation terminated.
make[1]: *** [CMakeFiles/cmTC_b9313.dir/build.make:66: CMakeFiles/cmTC_b9313.dir/CheckSymbolExists.c.o] Error 1
make[1]: Leaving directory '/media/sdcard/openCV343/opencv-3.4/build/CMakeFiles/CMakeTmp'
make: *** [Makefile:121: cmTC_b9313/fast] Error 2

File /media/sdcard/openCV343/opencv-3.4/build/CMakeFiles/CMakeTmp/CheckSymbolExists.c:
/* */
#include <OpenCL_INCLUDE_DIR-NOTFOUND/CL/cl.h>

int main(int argc, char** argv)
{
  (void)argv;
#ifndef CL_VERSION_2_2
  return ((int*)(&CL_VERSION_2_2))[argc];
#else
  (void)argc;
  return 0;
#endif
}

Determining if the CL_VERSION_2_1 exist failed with the following output:
Change Dir: /media/sdcard/openCV343/opencv-3.4/build/CMakeFiles/CMakeTmp

Run Build Command:"/usr/bin/make" "cmTC_9c52b/fast"
/usr/bin/make -f CMakeFiles/cmTC_9c52b.dir/build.make CMakeFiles/cmTC_9c52b.dir/build
make[1]: Entering directory '/media/sdcard/openCV343/opencv-3.4/build/CMakeFiles/CMakeTmp'
Building C object CMakeFiles/cmTC_9c52b.dir/CheckSymbolExists.c.o
/usr/bin/cc   -fsigned-char -W -Wall -Werror=return-type -Werror=non-virtual-dtor -Werror=address -Werror=sequence-point -Wformat -Werror=format-security -Wmissing-declarations -Wmissing-prototypes -Wstrict-prototypes -Wundef -Winit-self -Wpointer-arith -Wshadow -Wuninitialized -Winit-self -Wno-narrowing -Wno-comment -Wimplicit-fallthrough=3 -Wno-strict-overflow -fdiagnostics-show-option -pthread -fomit-frame-pointer -ffunction-sections -fdata-sections    -fvisibility=hidden  -O3 -DNDEBUG -fPIE   -o CMakeFiles/cmTC_9c52b.dir/CheckSymbolExists.c.o   -c /media/sdcard/openCV343/opencv-3.4/build/CMakeFiles/CMakeTmp/CheckSymbolExists.c
/media/sdcard/openCV343/opencv-3.4/build/CMakeFiles/CMakeTmp/CheckSymbolExists.c:2:10: fatal error: OpenCL_INCLUDE_DIR-NOTFOUND/CL/cl.h: No such file or directory
 #include <OpenCL_INCLUDE_DIR-NOTFOUND/CL/cl.h>
          ^~~~~~~~~~~~~~~~~~~~~~~~~~~~~~~~~~~~~
compilation terminated.
make[1]: *** [CMakeFiles/cmTC_9c52b.dir/build.make:66: CMakeFiles/cmTC_9c52b.dir/CheckSymbolExists.c.o] Error 1
make[1]: Leaving directory '/media/sdcard/openCV343/opencv-3.4/build/CMakeFiles/CMakeTmp'
make: *** [Makefile:121: cmTC_9c52b/fast] Error 2

File /media/sdcard/openCV343/opencv-3.4/build/CMakeFiles/CMakeTmp/CheckSymbolExists.c:
/* */
#include <OpenCL_INCLUDE_DIR-NOTFOUND/CL/cl.h>

int main(int argc, char** argv)
{
  (void)argv;
#ifndef CL_VERSION_2_1
  return ((int*)(&CL_VERSION_2_1))[argc];
#else
  (void)argc;
  return 0;
#endif
}

Determining if the CL_VERSION_2_0 exist failed with the following output:
Change Dir: /media/sdcard/openCV343/opencv-3.4/build/CMakeFiles/CMakeTmp

Run Build Command:"/usr/bin/make" "cmTC_a1e72/fast"
/usr/bin/make -f CMakeFiles/cmTC_a1e72.dir/build.make CMakeFiles/cmTC_a1e72.dir/build
make[1]: Entering directory '/media/sdcard/openCV343/opencv-3.4/build/CMakeFiles/CMakeTmp'
Building C object CMakeFiles/cmTC_a1e72.dir/CheckSymbolExists.c.o
/usr/bin/cc   -fsigned-char -W -Wall -Werror=return-type -Werror=non-virtual-dtor -Werror=address -Werror=sequence-point -Wformat -Werror=format-security -Wmissing-declarations -Wmissing-prototypes -Wstrict-prototypes -Wundef -Winit-self -Wpointer-arith -Wshadow -Wuninitialized -Winit-self -Wno-narrowing -Wno-comment -Wimplicit-fallthrough=3 -Wno-strict-overflow -fdiagnostics-show-option -pthread -fomit-frame-pointer -ffunction-sections -fdata-sections    -fvisibility=hidden  -O3 -DNDEBUG -fPIE   -o CMakeFiles/cmTC_a1e72.dir/CheckSymbolExists.c.o   -c /media/sdcard/openCV343/opencv-3.4/build/CMakeFiles/CMakeTmp/CheckSymbolExists.c
/media/sdcard/openCV343/opencv-3.4/build/CMakeFiles/CMakeTmp/CheckSymbolExists.c:2:10: fatal error: OpenCL_INCLUDE_DIR-NOTFOUND/CL/cl.h: No such file or directory
 #include <OpenCL_INCLUDE_DIR-NOTFOUND/CL/cl.h>
          ^~~~~~~~~~~~~~~~~~~~~~~~~~~~~~~~~~~~~
compilation terminated.
make[1]: *** [CMakeFiles/cmTC_a1e72.dir/build.make:66: CMakeFiles/cmTC_a1e72.dir/CheckSymbolExists.c.o] Error 1
make[1]: Leaving directory '/media/sdcard/openCV343/opencv-3.4/build/CMakeFiles/CMakeTmp'
make: *** [Makefile:121: cmTC_a1e72/fast] Error 2

File /media/sdcard/openCV343/opencv-3.4/build/CMakeFiles/CMakeTmp/CheckSymbolExists.c:
/* */
#include <OpenCL_INCLUDE_DIR-NOTFOUND/CL/cl.h>

int main(int argc, char** argv)
{
  (void)argv;
#ifndef CL_VERSION_2_0
  return ((int*)(&CL_VERSION_2_0))[argc];
#else
  (void)argc;
  return 0;
#endif
}

Determining if the CL_VERSION_1_2 exist failed with the following output:
Change Dir: /media/sdcard/openCV343/opencv-3.4/build/CMakeFiles/CMakeTmp

Run Build Command:"/usr/bin/make" "cmTC_fea67/fast"
/usr/bin/make -f CMakeFiles/cmTC_fea67.dir/build.make CMakeFiles/cmTC_fea67.dir/build
make[1]: Entering directory '/media/sdcard/openCV343/opencv-3.4/build/CMakeFiles/CMakeTmp'
Building C object CMakeFiles/cmTC_fea67.dir/CheckSymbolExists.c.o
/usr/bin/cc   -fsigned-char -W -Wall -Werror=return-type -Werror=non-virtual-dtor -Werror=address -Werror=sequence-point -Wformat -Werror=format-security -Wmissing-declarations -Wmissing-prototypes -Wstrict-prototypes -Wundef -Winit-self -Wpointer-arith -Wshadow -Wuninitialized -Winit-self -Wno-narrowing -Wno-comment -Wimplicit-fallthrough=3 -Wno-strict-overflow -fdiagnostics-show-option -pthread -fomit-frame-pointer -ffunction-sections -fdata-sections    -fvisibility=hidden  -O3 -DNDEBUG -fPIE   -o CMakeFiles/cmTC_fea67.dir/CheckSymbolExists.c.o   -c /media/sdcard/openCV343/opencv-3.4/build/CMakeFiles/CMakeTmp/CheckSymbolExists.c
/media/sdcard/openCV343/opencv-3.4/build/CMakeFiles/CMakeTmp/CheckSymbolExists.c:2:10: fatal error: OpenCL_INCLUDE_DIR-NOTFOUND/CL/cl.h: No such file or directory
 #include <OpenCL_INCLUDE_DIR-NOTFOUND/CL/cl.h>
          ^~~~~~~~~~~~~~~~~~~~~~~~~~~~~~~~~~~~~
compilation terminated.
make[1]: *** [CMakeFiles/cmTC_fea67.dir/build.make:66: CMakeFiles/cmTC_fea67.dir/CheckSymbolExists.c.o] Error 1
make[1]: Leaving directory '/media/sdcard/openCV343/opencv-3.4/build/CMakeFiles/CMakeTmp'
make: *** [Makefile:121: cmTC_fea67/fast] Error 2

File /media/sdcard/openCV343/opencv-3.4/build/CMakeFiles/CMakeTmp/CheckSymbolExists.c:
/* */
#include <OpenCL_INCLUDE_DIR-NOTFOUND/CL/cl.h>

int main(int argc, char** argv)
{
  (void)argv;
#ifndef CL_VERSION_1_2
  return ((int*)(&CL_VERSION_1_2))[argc];
#else
  (void)argc;
  return 0;
#endif
}

Determining if the CL_VERSION_1_1 exist failed with the following output:
Change Dir: /media/sdcard/openCV343/opencv-3.4/build/CMakeFiles/CMakeTmp

Run Build Command:"/usr/bin/make" "cmTC_2abde/fast"
/usr/bin/make -f CMakeFiles/cmTC_2abde.dir/build.make CMakeFiles/cmTC_2abde.dir/build
make[1]: Entering directory '/media/sdcard/openCV343/opencv-3.4/build/CMakeFiles/CMakeTmp'
Building C object CMakeFiles/cmTC_2abde.dir/CheckSymbolExists.c.o
/usr/bin/cc   -fsigned-char -W -Wall -Werror=return-type -Werror=non-virtual-dtor -Werror=address -Werror=sequence-point -Wformat -Werror=format-security -Wmissing-declarations -Wmissing-prototypes -Wstrict-prototypes -Wundef -Winit-self -Wpointer-arith -Wshadow -Wuninitialized -Winit-self -Wno-narrowing -Wno-comment -Wimplicit-fallthrough=3 -Wno-strict-overflow -fdiagnostics-show-option -pthread -fomit-frame-pointer -ffunction-sections -fdata-sections    -fvisibility=hidden  -O3 -DNDEBUG -fPIE   -o CMakeFiles/cmTC_2abde.dir/CheckSymbolExists.c.o   -c /media/sdcard/openCV343/opencv-3.4/build/CMakeFiles/CMakeTmp/CheckSymbolExists.c
/media/sdcard/openCV343/opencv-3.4/build/CMakeFiles/CMakeTmp/CheckSymbolExists.c:2:10: fatal error: OpenCL_INCLUDE_DIR-NOTFOUND/CL/cl.h: No such file or directory
 #include <OpenCL_INCLUDE_DIR-NOTFOUND/CL/cl.h>
          ^~~~~~~~~~~~~~~~~~~~~~~~~~~~~~~~~~~~~
compilation terminated.
make[1]: *** [CMakeFiles/cmTC_2abde.dir/build.make:66: CMakeFiles/cmTC_2abde.dir/CheckSymbolExists.c.o] Error 1
make[1]: Leaving directory '/media/sdcard/openCV343/opencv-3.4/build/CMakeFiles/CMakeTmp'
make: *** [Makefile:121: cmTC_2abde/fast] Error 2

File /media/sdcard/openCV343/opencv-3.4/build/CMakeFiles/CMakeTmp/CheckSymbolExists.c:
/* */
#include <OpenCL_INCLUDE_DIR-NOTFOUND/CL/cl.h>

int main(int argc, char** argv)
{
  (void)argv;
#ifndef CL_VERSION_1_1
  return ((int*)(&CL_VERSION_1_1))[argc];
#else
  (void)argc;
  return 0;
#endif
}

Determining if the CL_VERSION_1_0 exist failed with the following output:
Change Dir: /media/sdcard/openCV343/opencv-3.4/build/CMakeFiles/CMakeTmp

Run Build Command:"/usr/bin/make" "cmTC_5a160/fast"
/usr/bin/make -f CMakeFiles/cmTC_5a160.dir/build.make CMakeFiles/cmTC_5a160.dir/build
make[1]: Entering directory '/media/sdcard/openCV343/opencv-3.4/build/CMakeFiles/CMakeTmp'
Building C object CMakeFiles/cmTC_5a160.dir/CheckSymbolExists.c.o
/usr/bin/cc   -fsigned-char -W -Wall -Werror=return-type -Werror=non-virtual-dtor -Werror=address -Werror=sequence-point -Wformat -Werror=format-security -Wmissing-declarations -Wmissing-prototypes -Wstrict-prototypes -Wundef -Winit-self -Wpointer-arith -Wshadow -Wuninitialized -Winit-self -Wno-narrowing -Wno-comment -Wimplicit-fallthrough=3 -Wno-strict-overflow -fdiagnostics-show-option -pthread -fomit-frame-pointer -ffunction-sections -fdata-sections    -fvisibility=hidden  -O3 -DNDEBUG -fPIE   -o CMakeFiles/cmTC_5a160.dir/CheckSymbolExists.c.o   -c /media/sdcard/openCV343/opencv-3.4/build/CMakeFiles/CMakeTmp/CheckSymbolExists.c
/media/sdcard/openCV343/opencv-3.4/build/CMakeFiles/CMakeTmp/CheckSymbolExists.c:2:10: fatal error: OpenCL_INCLUDE_DIR-NOTFOUND/CL/cl.h: No such file or directory
 #include <OpenCL_INCLUDE_DIR-NOTFOUND/CL/cl.h>
          ^~~~~~~~~~~~~~~~~~~~~~~~~~~~~~~~~~~~~
compilation terminated.
make[1]: *** [CMakeFiles/cmTC_5a160.dir/build.make:66: CMakeFiles/cmTC_5a160.dir/CheckSymbolExists.c.o] Error 1
make[1]: Leaving directory '/media/sdcard/openCV343/opencv-3.4/build/CMakeFiles/CMakeTmp'
make: *** [Makefile:121: cmTC_5a160/fast] Error 2

File /media/sdcard/openCV343/opencv-3.4/build/CMakeFiles/CMakeTmp/CheckSymbolExists.c:
/* */
#include <OpenCL_INCLUDE_DIR-NOTFOUND/CL/cl.h>

int main(int argc, char** argv)
{
  (void)argv;
#ifndef CL_VERSION_1_0
  return ((int*)(&CL_VERSION_1_0))[argc];
#else
  (void)argc;
  return 0;
#endif
}

Determining if the include file linux/videodev.h exists failed with the following output:
Change Dir: /media/sdcard/openCV343/opencv-3.4/build/CMakeFiles/CMakeTmp

Run Build Command:"/usr/bin/make" "cmTC_38167/fast"
make[1]: Entering directory '/media/sdcard/openCV343/opencv-3.4/build/CMakeFiles/CMakeTmp'
/usr/bin/make -f CMakeFiles/cmTC_38167.dir/build.make CMakeFiles/cmTC_38167.dir/build
make[2]: Entering directory '/media/sdcard/openCV343/opencv-3.4/build/CMakeFiles/CMakeTmp'
Building C object CMakeFiles/cmTC_38167.dir/CheckIncludeFile.c.o
/usr/bin/cc   -fsigned-char -W -Wall -Werror=return-type -Werror=non-virtual-dtor -Werror=address -Werror=sequence-point -Wformat -Werror=format-security -Wmissing-declarations -Wmissing-prototypes -Wstrict-prototypes -Wundef -Winit-self -Wpointer-arith -Wshadow -Wuninitialized -Winit-self -Wno-narrowing -Wno-comment -Wimplicit-fallthrough=3 -Wno-strict-overflow -fdiagnostics-show-option -pthread -fomit-frame-pointer -ffunction-sections -fdata-sections    -fvisibility=hidden  -O3 -DNDEBUG -fPIE   -o CMakeFiles/cmTC_38167.dir/CheckIncludeFile.c.o   -c /media/sdcard/openCV343/opencv-3.4/build/CMakeFiles/CMakeTmp/CheckIncludeFile.c
/media/sdcard/openCV343/opencv-3.4/build/CMakeFiles/CMakeTmp/CheckIncludeFile.c:1:10: fatal error: linux/videodev.h: No such file or directory
 #include <linux/videodev.h>
          ^~~~~~~~~~~~~~~~~~
compilation terminated.
make[2]: *** [CMakeFiles/cmTC_38167.dir/build.make:66: CMakeFiles/cmTC_38167.dir/CheckIncludeFile.c.o] Error 1
make[2]: Leaving directory '/media/sdcard/openCV343/opencv-3.4/build/CMakeFiles/CMakeTmp'
make[1]: *** [Makefile:121: cmTC_38167/fast] Error 2
make[1]: Leaving directory '/media/sdcard/openCV343/opencv-3.4/build/CMakeFiles/CMakeTmp'


Determining if the include file sys/videoio.h exists failed with the following output:
Change Dir: /media/sdcard/openCV343/opencv-3.4/build/CMakeFiles/CMakeTmp

Run Build Command:"/usr/bin/make" "cmTC_7fcd0/fast"
make[1]: Entering directory '/media/sdcard/openCV343/opencv-3.4/build/CMakeFiles/CMakeTmp'
/usr/bin/make -f CMakeFiles/cmTC_7fcd0.dir/build.make CMakeFiles/cmTC_7fcd0.dir/build
make[2]: Entering directory '/media/sdcard/openCV343/opencv-3.4/build/CMakeFiles/CMakeTmp'
Building C object CMakeFiles/cmTC_7fcd0.dir/CheckIncludeFile.c.o
/usr/bin/cc   -fsigned-char -W -Wall -Werror=return-type -Werror=non-virtual-dtor -Werror=address -Werror=sequence-point -Wformat -Werror=format-security -Wmissing-declarations -Wmissing-prototypes -Wstrict-prototypes -Wundef -Winit-self -Wpointer-arith -Wshadow -Wuninitialized -Winit-self -Wno-narrowing -Wno-comment -Wimplicit-fallthrough=3 -Wno-strict-overflow -fdiagnostics-show-option -pthread -fomit-frame-pointer -ffunction-sections -fdata-sections    -fvisibility=hidden  -O3 -DNDEBUG -fPIE   -o CMakeFiles/cmTC_7fcd0.dir/CheckIncludeFile.c.o   -c /media/sdcard/openCV343/opencv-3.4/build/CMakeFiles/CMakeTmp/CheckIncludeFile.c
/media/sdcard/openCV343/opencv-3.4/build/CMakeFiles/CMakeTmp/CheckIncludeFile.c:1:10: fatal error: sys/videoio.h: No such file or directory
 #include <sys/videoio.h>
          ^~~~~~~~~~~~~~~
compilation terminated.
make[2]: *** [CMakeFiles/cmTC_7fcd0.dir/build.make:66: CMakeFiles/cmTC_7fcd0.dir/CheckIncludeFile.c.o] Error 1
make[2]: Leaving directory '/media/sdcard/openCV343/opencv-3.4/build/CMakeFiles/CMakeTmp'
make[1]: *** [Makefile:121: cmTC_7fcd0/fast] Error 2
make[1]: Leaving directory '/media/sdcard/openCV343/opencv-3.4/build/CMakeFiles/CMakeTmp'


Determining if the include file linux/videodev.h exists failed with the following output:
Change Dir: /media/sdcard/openCV343/opencv-3.4/build/CMakeFiles/CMakeTmp

Run Build Command:"/usr/bin/make" "cmTC_f37b6/fast"
make[1]: Entering directory '/media/sdcard/openCV343/opencv-3.4/build/CMakeFiles/CMakeTmp'
/usr/bin/make -f CMakeFiles/cmTC_f37b6.dir/build.make CMakeFiles/cmTC_f37b6.dir/build
make[2]: Entering directory '/media/sdcard/openCV343/opencv-3.4/build/CMakeFiles/CMakeTmp'
Building C object CMakeFiles/cmTC_f37b6.dir/CheckIncludeFile.c.o
/usr/bin/cc   -fsigned-char -W -Wall -Werror=return-type -Werror=non-virtual-dtor -Werror=address -Werror=sequence-point -Wformat -Werror=format-security -Wmissing-declarations -Wmissing-prototypes -Wstrict-prototypes -Wundef -Winit-self -Wpointer-arith -Wshadow -Wuninitialized -Winit-self -Wno-narrowing -Wno-comment -Wimplicit-fallthrough=3 -Wno-strict-overflow -fdiagnostics-show-option -pthread -fomit-frame-pointer -ffunction-sections -fdata-sections    -fvisibility=hidden  -O3 -DNDEBUG -fPIE   -o CMakeFiles/cmTC_f37b6.dir/CheckIncludeFile.c.o   -c /media/sdcard/openCV343/opencv-3.4/build/CMakeFiles/CMakeTmp/CheckIncludeFile.c
/media/sdcard/openCV343/opencv-3.4/build/CMakeFiles/CMakeTmp/CheckIncludeFile.c:1:10: fatal error: linux/videodev.h: No such file or directory
 #include <linux/videodev.h>
          ^~~~~~~~~~~~~~~~~~
compilation terminated.
make[2]: *** [CMakeFiles/cmTC_f37b6.dir/build.make:66: CMakeFiles/cmTC_f37b6.dir/CheckIncludeFile.c.o] Error 1
make[2]: Leaving directory '/media/sdcard/openCV343/opencv-3.4/build/CMakeFiles/CMakeTmp'
make[1]: *** [Makefile:121: cmTC_f37b6/fast] Error 2
make[1]: Leaving directory '/media/sdcard/openCV343/opencv-3.4/build/CMakeFiles/CMakeTmp'


Determining if the include file sys/videoio.h exists failed with the following output:
Change Dir: /media/sdcard/openCV343/opencv-3.4/build/CMakeFiles/CMakeTmp

Run Build Command:"/usr/bin/make" "cmTC_bc207/fast"
make[1]: Entering directory '/media/sdcard/openCV343/opencv-3.4/build/CMakeFiles/CMakeTmp'
/usr/bin/make -f CMakeFiles/cmTC_bc207.dir/build.make CMakeFiles/cmTC_bc207.dir/build
make[2]: Entering directory '/media/sdcard/openCV343/opencv-3.4/build/CMakeFiles/CMakeTmp'
Building C object CMakeFiles/cmTC_bc207.dir/CheckIncludeFile.c.o
/usr/bin/cc   -fsigned-char -W -Wall -Werror=return-type -Werror=non-virtual-dtor -Werror=address -Werror=sequence-point -Wformat -Werror=format-security -Wmissing-declarations -Wmissing-prototypes -Wstrict-prototypes -Wundef -Winit-self -Wpointer-arith -Wshadow -Wuninitialized -Winit-self -Wno-narrowing -Wno-comment -Wimplicit-fallthrough=3 -Wno-strict-overflow -fdiagnostics-show-option -pthread -fomit-frame-pointer -ffunction-sections -fdata-sections    -fvisibility=hidden  -O3 -DNDEBUG -fPIE   -o CMakeFiles/cmTC_bc207.dir/CheckIncludeFile.c.o   -c /media/sdcard/openCV343/opencv-3.4/build/CMakeFiles/CMakeTmp/CheckIncludeFile.c
/media/sdcard/openCV343/opencv-3.4/build/CMakeFiles/CMakeTmp/CheckIncludeFile.c:1:10: fatal error: sys/videoio.h: No such file or directory
 #include <sys/videoio.h>
          ^~~~~~~~~~~~~~~
compilation terminated.
make[2]: *** [CMakeFiles/cmTC_bc207.dir/build.make:66: CMakeFiles/cmTC_bc207.dir/CheckIncludeFile.c.o] Error 1
make[2]: Leaving directory '/media/sdcard/openCV343/opencv-3.4/build/CMakeFiles/CMakeTmp'
make[1]: *** [Makefile:121: cmTC_bc207/fast] Error 2
make[1]: Leaving directory '/media/sdcard/openCV343/opencv-3.4/build/CMakeFiles/CMakeTmp'


